<?xml version="1.0" encoding="UTF-8"?>
<!-- Generated by org.testng.reporters.JUnitReportReporter -->
<testsuite hostname="NiKlausMikaelson" failures="0" tests="3" name="Test.AddUserTest" time="28.571" errors="0" timestamp="2025-06-16T10:01:57 IST" skipped="0">
  <testcase classname="Test.AddUserTest" name="addUser" time="9.335"/>
  <testcase classname="Test.AddUserTest" name="addUser" time="9.569"/>
  <testcase classname="Test.AddUserTest" name="addUser" time="9.667"/>
</testsuite> <!-- Test.AddUserTest -->
