<?xml version="1.0" encoding="UTF-8"?>
<!-- Generated by org.testng.reporters.JUnitReportReporter -->
<testsuite hostname="NiKlausMikaelson" failures="0" tests="1" name="Test.LoginTest" time="6.920" errors="0" timestamp="2025-06-04T11:52:12 IST" skipped="0">
  <testcase classname="Test.LoginTest" name="validlogin" time="6.920"/>
</testsuite> <!-- Test.LoginTest -->
