<?xml version="1.0" encoding="UTF-8"?>
<!-- Generated by org.testng.reporters.JUnitReportReporter -->
<testsuite hostname="NiKlausMikaelson" failures="0" tests="3" name="Test.UpdateUserTest" time="25.517" errors="0" timestamp="2025-06-16T10:01:57 IST" skipped="0">
  <testcase classname="Test.UpdateUserTest" name="upUser" time="8.380"/>
  <testcase classname="Test.UpdateUserTest" name="upUser" time="8.462"/>
  <testcase classname="Test.UpdateUserTest" name="upUser" time="8.675"/>
</testsuite> <!-- Test.UpdateUserTest -->
