<?xml version="1.0" encoding="UTF-8"?>
<!-- Generated by org.testng.reporters.JUnitReportReporter -->
<testsuite hostname="NiKlausMikaelson" failures="0" tests="3" name="Test.DeleteUserTest" time="20.944" errors="0" timestamp="2025-06-16T10:01:57 IST" skipped="0">
  <testcase classname="Test.DeleteUserTest" name="upUser" time="7.485"/>
  <testcase classname="Test.DeleteUserTest" name="upUser" time="6.790"/>
  <testcase classname="Test.DeleteUserTest" name="upUser" time="6.669"/>
</testsuite> <!-- Test.DeleteUserTest -->
